============================= test session starts =============================
platform win32 -- Python 3.14.2, pytest-9.0.2, pluggy-1.6.0 -- C:\Users\pawel\OneDrive\python_reps\_Toolbox\mcp_servers\Qwen-mcp\qwen-coding-local\.venv\Scripts\python.exe
cachedir: .pytest_cache
rootdir: C:\Users\pawel\OneDrive\python_reps\_Toolbox\mcp_servers\Qwen-mcp\qwen-coding-local
configfile: pyproject.toml
plugins: anyio-4.12.1, asyncio-1.3.0
asyncio: mode=Mode.STRICT, debug=False, asyncio_default_fixture_loop_scope=None, asyncio_default_test_loop_scope=function
collecting ... collected 1 item

tests/test_api_v2.py::test_generate_completion_reasoning_fallback PASSED [100%]

============================== 1 passed in 1.35s ==============================
